<?xml version="1.0" encoding="UTF-8"?>
<testsuite xmlns:xsi="http://www.w3.org/2001/XMLSchema-instance" xsi:noNamespaceSchemaLocation="https://maven.apache.org/surefire/maven-surefire-plugin/xsd/surefire-test-report-3.0.xsd" version="3.0" name="org.project.oopjava.OopjavaApplicationTests" time="7.988" tests="1" errors="0" skipped="0" failures="0">
  <properties>
[...]
</properties>
  <testcase name="contextLoads" classname="org.project.oopjava.OopjavaApplicationTests" time="1.242">
    <system-out><![CDATA[16:14:57.974 [main] INFO org.springframework.test.context.support.AnnotationConfigContextLoaderUtils -- Could not detect default configuration classes for test class [org.project.oopjava.OopjavaApplicationTests]: OopjavaApplicationTests does not declare any static, non-private, non-final, nested classes annotated with @Configuration.
16:14:58.215 [main] INFO org.springframework.boot.test.context.SpringBootTestContextBootstrapper -- Found @SpringBootConfiguration org.project.oopjava.OopjavaApplication for test class org.project.oopjava.OopjavaApplicationTests

  .   ____          _            __ _ _
 /\\ / ___'_ __ _ _(_)_ __  __ _ \ \ \ \
( ( )\___ | '_ | '_| | '_ \/ _` | \ \ \ \
 \\/  ___)| |_)| | | | | || (_| |  ) ) ) )
  '  |____| .__|_| |_|_| |_\__, | / / / /
 =========|_|==============|___/=/_/_/_/
 :: Spring Boot ::                (v3.2.3)

2025-04-24T16:14:59.085+05:30  INFO 3780 --- [fresh-market] [           main] o.p.oopjava.OopjavaApplicationTests      : Starting OopjavaApplicationTests using Java 23.0.2 with PID 3780 (started by Sahil Popalwar in C:\Users\Sahil Popalwar\Desktop\fix - Copy)
2025-04-24T16:14:59.087+05:30 DEBUG 3780 --- [fresh-market] [           main] o.p.oopjava.OopjavaApplicationTests      : Running with Spring Boot v3.2.3, Spring v6.1.4
2025-04-24T16:14:59.089+05:30  INFO 3780 --- [fresh-market] [           main] o.p.oopjava.OopjavaApplicationTests      : No active profile set, falling back to 1 default profile: "default"
2025-04-24T16:15:00.337+05:30  INFO 3780 --- [fresh-market] [           main] .s.d.r.c.RepositoryConfigurationDelegate : Bootstrapping Spring Data JPA repositories in DEFAULT mode.
2025-04-24T16:15:00.374+05:30  INFO 3780 --- [fresh-market] [           main] .s.d.r.c.RepositoryConfigurationDelegate : Finished Spring Data repository scanning in 23 ms. Found 0 JPA repository interfaces.
2025-04-24T16:15:01.230+05:30  INFO 3780 --- [fresh-market] [           main] o.hibernate.jpa.internal.util.LogHelper  : HHH000204: Processing PersistenceUnitInfo [name: default]
2025-04-24T16:15:01.401+05:30  INFO 3780 --- [fresh-market] [           main] org.hibernate.Version                    : HHH000412: Hibernate ORM core version 6.4.4.Final
2025-04-24T16:15:01.491+05:30  INFO 3780 --- [fresh-market] [           main] o.h.c.internal.RegionFactoryInitiator    : HHH000026: Second-level cache disabled
2025-04-24T16:15:02.031+05:30  INFO 3780 --- [fresh-market] [           main] o.s.o.j.p.SpringPersistenceUnitInfo      : No LoadTimeWeaver setup: ignoring JPA class transformer
2025-04-24T16:15:02.083+05:30  INFO 3780 --- [fresh-market] [           main] com.zaxxer.hikari.HikariDataSource       : HikariPool-1 - Starting...
2025-04-24T16:15:02.441+05:30  INFO 3780 --- [fresh-market] [           main] com.zaxxer.hikari.pool.HikariPool        : HikariPool-1 - Added connection conn0: url=jdbc:h2:mem:testdb user=ROOT
2025-04-24T16:15:02.444+05:30  INFO 3780 --- [fresh-market] [           main] com.zaxxer.hikari.HikariDataSource       : HikariPool-1 - Start completed.
2025-04-24T16:15:02.496+05:30  WARN 3780 --- [fresh-market] [           main] org.hibernate.orm.deprecation            : HHH90000025: H2Dialect does not need to be specified explicitly using 'hibernate.dialect' (remove the property setting and it will be selected by default)
2025-04-24T16:15:03.151+05:30  INFO 3780 --- [fresh-market] [           main] o.h.e.t.j.p.i.JtaPlatformInitiator       : HHH000489: No JTA platform available (set 'hibernate.transaction.jta.platform' to enable JTA platform integration)
2025-04-24T16:15:03.162+05:30  INFO 3780 --- [fresh-market] [           main] j.LocalContainerEntityManagerFactoryBean : Initialized JPA EntityManagerFactory for persistence unit 'default'
2025-04-24T16:15:03.529+05:30  WARN 3780 --- [fresh-market] [           main] JpaBaseConfiguration$JpaWebConfiguration : spring.jpa.open-in-view is enabled by default. Therefore, database queries may be performed during view rendering. Explicitly configure spring.jpa.open-in-view to disable this warning
2025-04-24T16:15:04.113+05:30  WARN 3780 --- [fresh-market] [           main] o.thymeleaf.templatemode.TemplateMode    : [THYMELEAF][main] Unknown Template Mode 'HTML5'. Must be one of: 'HTML', 'XML', 'TEXT', 'JAVASCRIPT', 'CSS', 'RAW'. Using default Template Mode 'HTML'.
2025-04-24T16:15:04.236+05:30  INFO 3780 --- [fresh-market] [           main] o.s.b.a.h2.H2ConsoleAutoConfiguration    : H2 console available at '/h2-console'. Database available at 'jdbc:h2:mem:testdb'
2025-04-24T16:15:04.349+05:30  INFO 3780 --- [fresh-market] [           main] o.p.oopjava.OopjavaApplicationTests      : Started OopjavaApplicationTests in 5.842 seconds (process running for 7.942)
]]></system-out>
    <system-err><![CDATA[WARNING: A Java agent has been loaded dynamically (C:\Users\Sahil Popalwar\.m2\repository\net\bytebuddy\byte-buddy-agent\1.14.12\byte-buddy-agent-1.14.12.jar)
WARNING: If a serviceability tool is in use, please run with -XX:+EnableDynamicAgentLoading to hide this warning
WARNING: If a serviceability tool is not in use, please run with -Djdk.instrument.traceUsage for more information
WARNING: Dynamic loading of agents will be disallowed by default in a future release
]]></system-err>
  </testcase>
</testsuite>